{
"contracts\\NFTShop.sol":{"l":{"40":3,"41":3,"42":30,"48":4,"53":4,"54":3,"55":3,"60":3,"65":3,"66":2,"67":2,"73":33,"76":32,"79":31,"81":31,"87":10,"90":9,"91":9,"93":8,"96":8,"99":7,"102":6,"107":6,"108":6,"111":6,"113":6,"114":6,"120":7,"122":6,"124":5,"127":4,"130":4,"131":4,"133":4,"140":20,"142":19,"144":18,"147":17,"148":17,"154":17,"155":17,"162":5,"164":4,"167":3,"169":3,"170":3,"181":9,"183":9,"186":9,"189":9,"191":9,"194":9,"196":9,"202":6,"207":5,"212":2,"213":1,"215":1,"220":9,"225":1,"226":1,"227":1},"path":"Q:\\+\\Crypto\\React 2\\04 - NFT Shop\\nft shop\\contracts\\NFTShop.sol","s":{"1":3,"2":30,"3":4,"4":4,"5":3,"6":3,"7":3,"8":2,"9":33,"10":32,"11":31,"12":31,"13":10,"14":9,"15":9,"16":8,"17":8,"18":7,"19":6,"20":6,"21":6,"22":6,"23":6,"24":7,"25":6,"26":5,"27":4,"28":4,"29":4,"30":4,"31":20,"32":19,"33":18,"34":17,"35":17,"36":5,"37":4,"38":3,"39":3,"40":9,"41":9,"42":9,"43":9,"44":6,"45":5,"46":2,"47":1,"48":1,"49":9,"50":1,"51":1,"52":1},"b":{"1":[4,1],"2":[3,1],"3":[3,1],"4":[2,1],"5":[32,1],"6":[31,1],"7":[9,1],"8":[8,1],"9":[7,1],"10":[6,1],"11":[6,0],"12":[6,1],"13":[5,1],"14":[4,1],"15":[4,0],"16":[19,1],"17":[18,1],"18":[17,1],"19":[4,1],"20":[3,1],"21":[1,1],"22":[9,0],"23":[1,0],"24":[1,0]},"f":{"1":3,"2":4,"3":4,"4":3,"5":3,"6":33,"7":10,"8":7,"9":20,"10":5,"11":9,"12":6,"13":5,"14":2,"15":9,"16":1},"fnMap":{"1":{"name":"constructor","line":39,"loc":{"start":{"line":39,"column":4},"end":{"line":44,"column":4}}},"2":{"name":"getTokenPriceForSell","line":47,"loc":{"start":{"line":47,"column":4},"end":{"line":49,"column":4}}},"3":{"name":"setTokenPriceForSell","line":52,"loc":{"start":{"line":52,"column":4},"end":{"line":56,"column":4}}},"4":{"name":"getTokenPriceForBuy","line":59,"loc":{"start":{"line":59,"column":4},"end":{"line":61,"column":4}}},"5":{"name":"setTokenPriceForBuy","line":64,"loc":{"start":{"line":64,"column":4},"end":{"line":68,"column":4}}},"6":{"name":"buyTokenFromShop","line":71,"loc":{"start":{"line":71,"column":4},"end":{"line":82,"column":4}}},"7":{"name":"buyTokenFromAuction","line":85,"loc":{"start":{"line":85,"column":4},"end":{"line":115,"column":4}}},"8":{"name":"sellTokenToShop","line":118,"loc":{"start":{"line":118,"column":4},"end":{"line":134,"column":4}}},"9":{"name":"addTokenToAuction","line":138,"loc":{"start":{"line":138,"column":4},"end":{"line":156,"column":4}}},"10":{"name":"removeTokenFromAuction","line":160,"loc":{"start":{"line":160,"column":4},"end":{"line":171,"column":4}}},"11":{"name":"_removeTokenFromAuction","line":175,"loc":{"start":{"line":175,"column":4},"end":{"line":197,"column":4}}},"12":{"name":"isTokenOnAuction","line":201,"loc":{"start":{"line":201,"column":4},"end":{"line":203,"column":4}}},"13":{"name":"getAuctions","line":206,"loc":{"start":{"line":206,"column":4},"end":{"line":208,"column":4}}},"14":{"name":"getAuctionPrice","line":211,"loc":{"start":{"line":211,"column":4},"end":{"line":216,"column":4}}},"15":{"name":"getShopBalance","line":219,"loc":{"start":{"line":219,"column":4},"end":{"line":221,"column":4}}},"16":{"name":"withdrawAll","line":224,"loc":{"start":{"line":224,"column":4},"end":{"line":228,"column":4}}}},"statementMap":{"1":{"start":{"line":41,"column":8},"end":{"line":41,"column":1772}},"2":{"start":{"line":42,"column":12},"end":{"line":42,"column":43}},"3":{"start":{"line":48,"column":8},"end":{"line":48,"column":33}},"4":{"start":{"line":53,"column":8},"end":{"line":53,"column":81}},"5":{"start":{"line":54,"column":8},"end":{"line":54,"column":85}},"6":{"start":{"line":60,"column":8},"end":{"line":60,"column":32}},"7":{"start":{"line":65,"column":8},"end":{"line":65,"column":80}},"8":{"start":{"line":66,"column":8},"end":{"line":66,"column":82}},"9":{"start":{"line":73,"column":8},"end":{"line":73,"column":87}},"10":{"start":{"line":76,"column":8},"end":{"line":76,"column":110}},"11":{"start":{"line":79,"column":8},"end":{"line":79,"column":68}},"12":{"start":{"line":81,"column":8},"end":{"line":81,"column":81}},"13":{"start":{"line":87,"column":8},"end":{"line":87,"column":72}},"14":{"start":{"line":90,"column":8},"end":{"line":90,"column":54}},"15":{"start":{"line":91,"column":8},"end":{"line":91,"column":80}},"16":{"start":{"line":93,"column":8},"end":{"line":93,"column":59}},"17":{"start":{"line":96,"column":8},"end":{"line":96,"column":75}},"18":{"start":{"line":99,"column":8},"end":{"line":99,"column":105}},"19":{"start":{"line":102,"column":8},"end":{"line":102,"column":65}},"20":{"start":{"line":107,"column":8},"end":{"line":107,"column":84}},"21":{"start":{"line":108,"column":8},"end":{"line":108,"column":67}},"22":{"start":{"line":111,"column":8},"end":{"line":111,"column":39}},"23":{"start":{"line":114,"column":8},"end":{"line":114,"column":77}},"24":{"start":{"line":120,"column":8},"end":{"line":120,"column":99}},"25":{"start":{"line":122,"column":8},"end":{"line":122,"column":105}},"26":{"start":{"line":124,"column":8},"end":{"line":124,"column":103}},"27":{"start":{"line":127,"column":8},"end":{"line":127,"column":68}},"28":{"start":{"line":130,"column":8},"end":{"line":130,"column":73}},"29":{"start":{"line":131,"column":8},"end":{"line":131,"column":67}},"30":{"start":{"line":133,"column":8},"end":{"line":133,"column":81}},"31":{"start":{"line":140,"column":8},"end":{"line":140,"column":92}},"32":{"start":{"line":142,"column":8},"end":{"line":142,"column":63}},"33":{"start":{"line":144,"column":8},"end":{"line":144,"column":77}},"34":{"start":{"line":148,"column":8},"end":{"line":148,"column":6877}},"35":{"start":{"line":155,"column":8},"end":{"line":155,"column":75}},"36":{"start":{"line":162,"column":8},"end":{"line":162,"column":92}},"37":{"start":{"line":164,"column":8},"end":{"line":164,"column":72}},"38":{"start":{"line":167,"column":8},"end":{"line":167,"column":39}},"39":{"start":{"line":170,"column":8},"end":{"line":170,"column":73}},"40":{"start":{"line":181,"column":8},"end":{"line":181,"column":51}},"41":{"start":{"line":183,"column":8},"end":{"line":183,"column":50}},"42":{"start":{"line":186,"column":8},"end":{"line":186,"column":63}},"43":{"start":{"line":196,"column":8},"end":{"line":196,"column":21}},"44":{"start":{"line":202,"column":8},"end":{"line":202,"column":38}},"45":{"start":{"line":207,"column":8},"end":{"line":207,"column":23}},"46":{"start":{"line":212,"column":8},"end":{"line":212,"column":9588}},"47":{"start":{"line":213,"column":12},"end":{"line":213,"column":20}},"48":{"start":{"line":215,"column":8},"end":{"line":215,"column":53}},"49":{"start":{"line":220,"column":8},"end":{"line":220,"column":36}},"50":{"start":{"line":225,"column":8},"end":{"line":225,"column":31}},"51":{"start":{"line":226,"column":8},"end":{"line":226,"column":71}},"52":{"start":{"line":227,"column":8},"end":{"line":227,"column":54}}},"branchMap":{"1":{"line":52,"type":"if","locations":[{"start":{"line":52,"column":68},"end":{"line":52,"column":68}},{"start":{"line":52,"column":68},"end":{"line":52,"column":68}}]},"2":{"line":53,"type":"if","locations":[{"start":{"line":53,"column":8},"end":{"line":53,"column":8}},{"start":{"line":53,"column":8},"end":{"line":53,"column":8}}]},"3":{"line":64,"type":"if","locations":[{"start":{"line":64,"column":66},"end":{"line":64,"column":66}},{"start":{"line":64,"column":66},"end":{"line":64,"column":66}}]},"4":{"line":65,"type":"if","locations":[{"start":{"line":65,"column":8},"end":{"line":65,"column":8}},{"start":{"line":65,"column":8},"end":{"line":65,"column":8}}]},"5":{"line":73,"type":"if","locations":[{"start":{"line":73,"column":8},"end":{"line":73,"column":8}},{"start":{"line":73,"column":8},"end":{"line":73,"column":8}}]},"6":{"line":76,"type":"if","locations":[{"start":{"line":76,"column":8},"end":{"line":76,"column":8}},{"start":{"line":76,"column":8},"end":{"line":76,"column":8}}]},"7":{"line":87,"type":"if","locations":[{"start":{"line":87,"column":8},"end":{"line":87,"column":8}},{"start":{"line":87,"column":8},"end":{"line":87,"column":8}}]},"8":{"line":91,"type":"if","locations":[{"start":{"line":91,"column":8},"end":{"line":91,"column":8}},{"start":{"line":91,"column":8},"end":{"line":91,"column":8}}]},"9":{"line":96,"type":"if","locations":[{"start":{"line":96,"column":8},"end":{"line":96,"column":8}},{"start":{"line":96,"column":8},"end":{"line":96,"column":8}}]},"10":{"line":99,"type":"if","locations":[{"start":{"line":99,"column":8},"end":{"line":99,"column":8}},{"start":{"line":99,"column":8},"end":{"line":99,"column":8}}]},"11":{"line":108,"type":"if","locations":[{"start":{"line":108,"column":8},"end":{"line":108,"column":8}},{"start":{"line":108,"column":8},"end":{"line":108,"column":8}}]},"12":{"line":120,"type":"if","locations":[{"start":{"line":120,"column":8},"end":{"line":120,"column":8}},{"start":{"line":120,"column":8},"end":{"line":120,"column":8}}]},"13":{"line":122,"type":"if","locations":[{"start":{"line":122,"column":8},"end":{"line":122,"column":8}},{"start":{"line":122,"column":8},"end":{"line":122,"column":8}}]},"14":{"line":124,"type":"if","locations":[{"start":{"line":124,"column":8},"end":{"line":124,"column":8}},{"start":{"line":124,"column":8},"end":{"line":124,"column":8}}]},"15":{"line":131,"type":"if","locations":[{"start":{"line":131,"column":8},"end":{"line":131,"column":8}},{"start":{"line":131,"column":8},"end":{"line":131,"column":8}}]},"16":{"line":140,"type":"if","locations":[{"start":{"line":140,"column":8},"end":{"line":140,"column":8}},{"start":{"line":140,"column":8},"end":{"line":140,"column":8}}]},"17":{"line":142,"type":"if","locations":[{"start":{"line":142,"column":8},"end":{"line":142,"column":8}},{"start":{"line":142,"column":8},"end":{"line":142,"column":8}}]},"18":{"line":144,"type":"if","locations":[{"start":{"line":144,"column":8},"end":{"line":144,"column":8}},{"start":{"line":144,"column":8},"end":{"line":144,"column":8}}]},"19":{"line":162,"type":"if","locations":[{"start":{"line":162,"column":8},"end":{"line":162,"column":8}},{"start":{"line":162,"column":8},"end":{"line":162,"column":8}}]},"20":{"line":164,"type":"if","locations":[{"start":{"line":164,"column":8},"end":{"line":164,"column":8}},{"start":{"line":164,"column":8},"end":{"line":164,"column":8}}]},"21":{"line":212,"type":"if","locations":[{"start":{"line":212,"column":8},"end":{"line":212,"column":8}},{"start":{"line":212,"column":8},"end":{"line":212,"column":8}}]},"22":{"line":219,"type":"if","locations":[{"start":{"line":219,"column":42},"end":{"line":219,"column":42}},{"start":{"line":219,"column":42},"end":{"line":219,"column":42}}]},"23":{"line":224,"type":"if","locations":[{"start":{"line":224,"column":34},"end":{"line":224,"column":34}},{"start":{"line":224,"column":34},"end":{"line":224,"column":34}}]},"24":{"line":227,"type":"if","locations":[{"start":{"line":227,"column":8},"end":{"line":227,"column":8}},{"start":{"line":227,"column":8},"end":{"line":227,"column":8}}]}}},
"contracts\\NFTToken.sol":{"l":{"20":0,"24":0,"25":0,"26":0,"30":30,"31":30,"32":30,"36":71,"40":0},"path":"Q:\\+\\Crypto\\React 2\\04 - NFT Shop\\nft shop\\contracts\\NFTToken.sol","s":{"1":0,"2":0,"3":0,"4":0,"5":30,"6":30,"7":30,"8":71,"9":0},"b":{"1":[0,0],"2":[30,0]},"f":{"1":3,"2":0,"3":0,"4":30,"5":71,"6":0},"fnMap":{"1":{"name":"constructor","line":16,"loc":{"start":{"line":16,"column":4},"end":{"line":16,"column":77}}},"2":{"name":"_baseURI","line":18,"loc":{"start":{"line":18,"column":4},"end":{"line":21,"column":4}}},"3":{"name":"tokenURI","line":23,"loc":{"start":{"line":23,"column":4},"end":{"line":27,"column":4}}},"4":{"name":"safeMint","line":29,"loc":{"start":{"line":29,"column":4},"end":{"line":33,"column":4}}},"5":{"name":"_beforeTokenTransfer","line":35,"loc":{"start":{"line":35,"column":4},"end":{"line":37,"column":4}}},"6":{"name":"supportsInterface","line":39,"loc":{"start":{"line":39,"column":4},"end":{"line":41,"column":4}}}},"statementMap":{"1":{"start":{"line":20,"column":8},"end":{"line":20,"column":99}},"2":{"start":{"line":24,"column":8},"end":{"line":24,"column":30}},"3":{"start":{"line":25,"column":8},"end":{"line":25,"column":42}},"4":{"start":{"line":26,"column":8},"end":{"line":26,"column":110}},"5":{"start":{"line":30,"column":8},"end":{"line":30,"column":34}},"6":{"start":{"line":31,"column":8},"end":{"line":31,"column":51}},"7":{"start":{"line":32,"column":8},"end":{"line":32,"column":29}},"8":{"start":{"line":36,"column":8},"end":{"line":36,"column":63}},"9":{"start":{"line":40,"column":8},"end":{"line":40,"column":51}}},"branchMap":{"1":{"line":26,"type":"if","locations":[{"start":{"line":26,"column":43},"end":{"line":26,"column":104}},{"start":{"line":26,"column":108},"end":{"line":26,"column":109}}]},"2":{"line":29,"type":"if","locations":[{"start":{"line":29,"column":41},"end":{"line":29,"column":41}},{"start":{"line":29,"column":41},"end":{"line":29,"column":41}}]}}}}
