TN:
SF:Q:\+\Crypto\React 2\04 - NFT Shop\nft shop\contracts\NFTShop.sol
FN:39,constructor
FN:47,getTokenPriceForSell
FN:52,setTokenPriceForSell
FN:59,getTokenPriceForBuy
FN:64,setTokenPriceForBuy
FN:71,buyTokenFromShop
FN:85,buyTokenFromAuction
FN:118,sellTokenToShop
FN:138,addTokenToAuction
FN:160,removeTokenFromAuction
FN:175,_removeTokenFromAuction
FN:201,isTokenOnAuction
FN:206,getAuctions
FN:211,getAuctionPrice
FN:219,getShopBalance
FN:224,withdrawAll
FNF:16
FNH:16
FNDA:3,constructor
FNDA:4,getTokenPriceForSell
FNDA:4,setTokenPriceForSell
FNDA:3,getTokenPriceForBuy
FNDA:3,setTokenPriceForBuy
FNDA:33,buyTokenFromShop
FNDA:10,buyTokenFromAuction
FNDA:7,sellTokenToShop
FNDA:20,addTokenToAuction
FNDA:5,removeTokenFromAuction
FNDA:9,_removeTokenFromAuction
FNDA:6,isTokenOnAuction
FNDA:5,getAuctions
FNDA:2,getAuctionPrice
FNDA:9,getShopBalance
FNDA:1,withdrawAll
DA:40,3
DA:41,3
DA:42,30
DA:48,4
DA:53,4
DA:54,3
DA:55,3
DA:60,3
DA:65,3
DA:66,2
DA:67,2
DA:73,33
DA:76,32
DA:79,31
DA:81,31
DA:87,10
DA:90,9
DA:91,9
DA:93,8
DA:96,8
DA:99,7
DA:102,6
DA:107,6
DA:108,6
DA:111,6
DA:113,6
DA:114,6
DA:120,7
DA:122,6
DA:124,5
DA:127,4
DA:130,4
DA:131,4
DA:133,4
DA:140,20
DA:142,19
DA:144,18
DA:147,17
DA:148,17
DA:154,17
DA:155,17
DA:162,5
DA:164,4
DA:167,3
DA:169,3
DA:170,3
DA:181,9
DA:183,9
DA:186,9
DA:189,9
DA:191,9
DA:194,9
DA:196,9
DA:202,6
DA:207,5
DA:212,2
DA:213,1
DA:215,1
DA:220,9
DA:225,1
DA:226,1
DA:227,1
LF:62
LH:62
BRDA:52,1,0,4
BRDA:52,1,1,1
BRDA:53,2,0,3
BRDA:53,2,1,1
BRDA:64,3,0,3
BRDA:64,3,1,1
BRDA:65,4,0,2
BRDA:65,4,1,1
BRDA:73,5,0,32
BRDA:73,5,1,1
BRDA:76,6,0,31
BRDA:76,6,1,1
BRDA:87,7,0,9
BRDA:87,7,1,1
BRDA:91,8,0,8
BRDA:91,8,1,1
BRDA:96,9,0,7
BRDA:96,9,1,1
BRDA:99,10,0,6
BRDA:99,10,1,1
BRDA:108,11,0,6
BRDA:108,11,1,0
BRDA:120,12,0,6
BRDA:120,12,1,1
BRDA:122,13,0,5
BRDA:122,13,1,1
BRDA:124,14,0,4
BRDA:124,14,1,1
BRDA:131,15,0,4
BRDA:131,15,1,0
BRDA:140,16,0,19
BRDA:140,16,1,1
BRDA:142,17,0,18
BRDA:142,17,1,1
BRDA:144,18,0,17
BRDA:144,18,1,1
BRDA:162,19,0,4
BRDA:162,19,1,1
BRDA:164,20,0,3
BRDA:164,20,1,1
BRDA:212,21,0,1
BRDA:212,21,1,1
BRDA:219,22,0,9
BRDA:219,22,1,0
BRDA:224,23,0,1
BRDA:224,23,1,0
BRDA:227,24,0,1
BRDA:227,24,1,0
BRF:48
BRH:43
end_of_record
TN:
SF:Q:\+\Crypto\React 2\04 - NFT Shop\nft shop\contracts\NFTToken.sol
FN:16,constructor
FN:18,_baseURI
FN:23,tokenURI
FN:29,safeMint
FN:35,_beforeTokenTransfer
FN:39,supportsInterface
FNF:6
FNH:3
FNDA:3,constructor
FNDA:0,_baseURI
FNDA:0,tokenURI
FNDA:30,safeMint
FNDA:71,_beforeTokenTransfer
FNDA:0,supportsInterface
DA:20,0
DA:24,0
DA:25,0
DA:26,0
DA:30,30
DA:31,30
DA:32,30
DA:36,71
DA:40,0
LF:9
LH:4
BRDA:26,1,0,0
BRDA:26,1,1,0
BRDA:29,2,0,30
BRDA:29,2,1,0
BRF:4
BRH:1
end_of_record
